TN:
SF:src/HardwareWallet.ts
FN:9,(anonymous_0)
FN:9,(anonymous_1)
FN:14,(anonymous_3)
FN:14,(anonymous_4)
FN:28,sendApduMsg
FN:56,subscribeDeviceConnection
FN:60,(anonymous_11)
FN:60,(anonymous_12)
FN:73,openConnection
FNF:9
FNH:4
FNDA:1,(anonymous_0)
FNDA:1,(anonymous_1)
FNDA:1,(anonymous_3)
FNDA:1,(anonymous_4)
FNDA:0,sendApduMsg
FNDA:0,subscribeDeviceConnection
FNDA:0,(anonymous_11)
FNDA:0,(anonymous_12)
FNDA:0,openConnection
DA:4,1
DA:9,1
DA:10,1
DA:13,1
DA:14,1
DA:15,1
DA:16,1
DA:19,0
DA:28,1
DA:33,0
DA:34,0
DA:35,0
DA:37,0
DA:39,0
DA:40,0
DA:46,0
DA:48,0
DA:49,0
DA:56,1
DA:57,0
DA:59,0
DA:60,0
DA:61,0
DA:63,0
DA:64,0
DA:66,0
DA:67,0
DA:74,0
DA:76,0
DA:78,0
DA:79,0
LF:31
LH:9
BRDA:4,0,0,1
BRDA:4,0,1,1
BRDA:13,1,0,1
BRDA:13,1,1,0
BRDA:33,2,0,0
BRDA:33,2,1,0
BRDA:34,3,0,0
BRDA:34,3,1,0
BRDA:35,4,0,0
BRDA:35,4,1,0
BRDA:37,5,0,0
BRDA:37,5,1,0
BRDA:39,6,0,0
BRDA:39,6,1,0
BRDA:39,7,0,0
BRDA:39,7,1,0
BRDA:39,7,2,0
BRDA:39,7,3,0
BRDA:48,8,0,0
BRDA:48,8,1,0
BRDA:57,9,0,0
BRDA:62,10,0,0
BRDA:62,10,1,0
BRDA:74,11,0,0
BRDA:78,12,0,0
BRDA:78,12,1,0
BRF:26
BRH:3
end_of_record
TN:
SF:src/LedgerApp.ts
FN:14,(anonymous_0)
FN:18,(anonymous_1)
FN:20,(anonymous_2)
FN:42,(anonymous_5)
FN:48,(anonymous_6)
FN:54,(anonymous_7)
FN:65,(anonymous_8)
FN:73,(anonymous_9)
FN:82,(anonymous_10)
FN:88,(anonymous_11)
FN:93,(anonymous_14)
FN:93,(anonymous_15)
FN:101,signAtom
FN:102,(anonymous_20)
FN:166,parseResponse
FN:176,handleError
FN:200,chunksFromPayload
FNF:17
FNH:7
FNDA:1,(anonymous_0)
FNDA:1,(anonymous_1)
FNDA:8,(anonymous_2)
FNDA:0,(anonymous_5)
FNDA:0,(anonymous_6)
FNDA:0,(anonymous_7)
FNDA:0,(anonymous_8)
FNDA:0,(anonymous_9)
FNDA:4,(anonymous_10)
FNDA:0,(anonymous_11)
FNDA:0,(anonymous_14)
FNDA:0,(anonymous_15)
FNDA:3,signAtom
FNDA:16,(anonymous_20)
FNDA:0,parseResponse
FNDA:0,handleError
FNDA:1,chunksFromPayload
DA:1,1
DA:2,1
DA:3,1
DA:4,1
DA:5,1
DA:7,1
DA:9,1
DA:14,1
DA:15,1
DA:18,1
DA:19,1
DA:20,4
DA:21,4
DA:23,4
DA:24,4
DA:25,4
DA:26,1
DA:28,1
DA:30,3
DA:32,1
DA:33,1
DA:37,1
DA:38,1
DA:40,1
DA:42,1
DA:43,0
DA:48,1
DA:49,0
DA:54,1
DA:55,0
DA:65,1
DA:66,0
DA:73,1
DA:74,0
DA:82,1
DA:83,4
DA:88,1
DA:89,0
DA:90,0
DA:93,1
DA:94,0
DA:95,0
DA:96,0
DA:97,0
DA:98,0
DA:101,1
DA:102,3
DA:103,16
DA:105,3
DA:107,2
DA:109,2
DA:110,2
DA:112,1
DA:114,1
DA:115,1
DA:117,1
DA:118,1
DA:120,1
DA:126,1
DA:128,2
DA:135,7
DA:137,7
DA:142,0
DA:143,0
DA:145,0
DA:149,1
DA:151,1
DA:152,1
DA:154,1
DA:155,1
DA:157,1
DA:158,1
DA:159,1
DA:161,1
DA:163,1
DA:167,0
DA:168,0
DA:170,0
DA:177,0
DA:179,0
DA:184,0
DA:189,0
DA:194,0
DA:201,1
DA:203,1
DA:204,7
DA:205,7
DA:208,1
DA:211,1
DA:213,1
LF:90
LH:67
BRDA:21,0,0,0
BRDA:21,0,1,4
BRDA:24,1,0,4
BRDA:24,1,1,0
BRDA:28,2,0,0
BRDA:28,2,1,1
BRDA:30,3,0,3
BRDA:30,3,1,0
BRDA:33,4,0,1
BRDA:33,4,1,0
BRDA:65,5,0,0
BRDA:65,5,1,0
BRDA:89,6,0,0
BRDA:105,7,0,1
BRDA:105,7,1,2
BRDA:110,8,0,1
BRDA:110,8,1,1
BRDA:142,9,0,0
BRDA:142,9,1,0
BRDA:178,10,0,0
BRDA:178,10,1,0
BRDA:178,10,2,0
BRF:22
BRH:9
end_of_record
TN:
SF:src/atomByteOffsetMetadata.ts
FN:13,cborByteOffsets
FN:35,(anonymous_1)
FN:39,(anonymous_2)
FN:50,(anonymous_3)
FN:64,(anonymous_4)
FN:64,(anonymous_5)
FN:75,(anonymous_6)
FNF:7
FNH:7
FNDA:4,cborByteOffsets
FNDA:15,(anonymous_1)
FNDA:16,(anonymous_2)
FNDA:96,(anonymous_3)
FNDA:15,(anonymous_4)
FNDA:48,(anonymous_5)
FNDA:4,(anonymous_6)
DA:1,1
DA:2,1
DA:13,1
DA:14,4
DA:15,4
DA:17,15
DA:18,15
DA:20,60
DA:21,60
DA:22,60
DA:23,60
DA:26,4
DA:35,1
DA:36,15
DA:37,11
DA:39,4
DA:40,16
DA:41,4
DA:50,1
DA:51,96
DA:64,15
DA:65,48
DA:66,48
DA:68,48
DA:69,48
DA:70,48
DA:71,48
DA:72,48
DA:75,1
DA:76,120
DA:77,120
DA:78,120
DA:79,120
DA:84,4
LF:34
LH:34
BRDA:36,0,0,11
BRDA:36,0,1,4
BRDA:40,1,0,12
BRDA:40,1,1,4
BRF:4
BRH:4
end_of_record
TN:
SF:src/types.ts
FN:3,(anonymous_0)
FN:16,(anonymous_1)
FN:24,(anonymous_2)
FN:48,(anonymous_3)
FNF:4
FNH:4
FNDA:1,(anonymous_0)
FNDA:1,(anonymous_1)
FNDA:1,(anonymous_2)
FNDA:1,(anonymous_3)
DA:3,1
DA:4,1
DA:5,1
DA:6,1
DA:7,1
DA:8,1
DA:9,1
DA:10,1
DA:11,1
DA:12,1
DA:13,1
DA:16,1
DA:17,1
DA:18,1
DA:19,1
DA:20,1
DA:21,1
DA:24,1
DA:25,1
DA:26,1
DA:27,1
DA:48,1
DA:49,1
DA:50,1
DA:51,1
DA:52,1
DA:62,1
LF:27
LH:27
BRDA:3,0,0,1
BRDA:3,0,1,1
BRDA:16,1,0,1
BRDA:16,1,1,1
BRDA:24,2,0,1
BRDA:24,2,1,1
BRDA:48,3,0,1
BRDA:48,3,1,1
BRF:8
BRH:8
end_of_record
